<?xml version="1.0" encoding="UTF-8"?>
<testsuite xmlns:xsi="http://www.w3.org/2001/XMLSchema-instance" xsi:noNamespaceSchemaLocation="https://maven.apache.org/surefire/maven-surefire-plugin/xsd/surefire-test-report.xsd" name="com.example.webchatting.WebChattingApplicationTests" time="4.086" tests="1" errors="0" skipped="0" failures="0">
  <properties>
    <property name="java.specification.version" value="14"/>
    <property name="sun.cpu.isalist" value="amd64"/>
    <property name="sun.jnu.encoding" value="GBK"/>
    <property name="java.class.path" value="E:\idea-workspace\webchatting\target\test-classes;E:\idea-workspace\webchatting\target\classes;E:\Environment\apache-maven-3.6.3\maven-repo\org\springframework\boot\spring-boot-starter-jdbc\2.4.9\spring-boot-starter-jdbc-2.4.9.jar;E:\Environment\apache-maven-3.6.3\maven-repo\org\springframework\boot\spring-boot-starter\2.4.9\spring-boot-starter-2.4.9.jar;E:\Environment\apache-maven-3.6.3\maven-repo\org\springframework\boot\spring-boot\2.4.9\spring-boot-2.4.9.jar;E:\Environment\apache-maven-3.6.3\maven-repo\org\springframework\boot\spring-boot-autoconfigure\2.4.9\spring-boot-autoconfigure-2.4.9.jar;E:\Environment\apache-maven-3.6.3\maven-repo\org\springframework\boot\spring-boot-starter-logging\2.4.9\spring-boot-starter-logging-2.4.9.jar;E:\Environment\apache-maven-3.6.3\maven-repo\ch\qos\logback\logback-classic\1.2.4\logback-classic-1.2.4.jar;E:\Environment\apache-maven-3.6.3\maven-repo\ch\qos\logback\logback-core\1.2.4\logback-core-1.2.4.jar;E:\Environment\apache-maven-3.6.3\maven-repo\org\apache\logging\log4j\log4j-to-slf4j\2.13.3\log4j-to-slf4j-2.13.3.jar;E:\Environment\apache-maven-3.6.3\maven-repo\org\apache\logging\log4j\log4j-api\2.13.3\log4j-api-2.13.3.jar;E:\Environment\apache-maven-3.6.3\maven-repo\org\slf4j\jul-to-slf4j\1.7.32\jul-to-slf4j-1.7.32.jar;E:\Environment\apache-maven-3.6.3\maven-repo\jakarta\annotation\jakarta.annotation-api\1.3.5\jakarta.annotation-api-1.3.5.jar;E:\Environment\apache-maven-3.6.3\maven-repo\org\yaml\snakeyaml\1.27\snakeyaml-1.27.jar;E:\Environment\apache-maven-3.6.3\maven-repo\com\zaxxer\HikariCP\3.4.5\HikariCP-3.4.5.jar;E:\Environment\apache-maven-3.6.3\maven-repo\org\slf4j\slf4j-api\1.7.32\slf4j-api-1.7.32.jar;E:\Environment\apache-maven-3.6.3\maven-repo\org\springframework\spring-jdbc\5.3.9\spring-jdbc-5.3.9.jar;E:\Environment\apache-maven-3.6.3\maven-repo\org\springframework\spring-beans\5.3.9\spring-beans-5.3.9.jar;E:\Environment\apache-maven-3.6.3\maven-repo\org\springframework\spring-tx\5.3.9\spring-tx-5.3.9.jar;E:\Environment\apache-maven-3.6.3\maven-repo\org\springframework\boot\spring-boot-starter-thymeleaf\2.4.9\spring-boot-starter-thymeleaf-2.4.9.jar;E:\Environment\apache-maven-3.6.3\maven-repo\org\thymeleaf\thymeleaf-spring5\3.0.12.RELEASE\thymeleaf-spring5-3.0.12.RELEASE.jar;E:\Environment\apache-maven-3.6.3\maven-repo\org\thymeleaf\thymeleaf\3.0.12.RELEASE\thymeleaf-3.0.12.RELEASE.jar;E:\Environment\apache-maven-3.6.3\maven-repo\org\attoparser\attoparser\2.0.5.RELEASE\attoparser-2.0.5.RELEASE.jar;E:\Environment\apache-maven-3.6.3\maven-repo\org\unbescape\unbescape\1.1.6.RELEASE\unbescape-1.1.6.RELEASE.jar;E:\Environment\apache-maven-3.6.3\maven-repo\org\thymeleaf\extras\thymeleaf-extras-java8time\3.0.4.RELEASE\thymeleaf-extras-java8time-3.0.4.RELEASE.jar;E:\Environment\apache-maven-3.6.3\maven-repo\org\springframework\boot\spring-boot-starter-web\2.4.9\spring-boot-starter-web-2.4.9.jar;E:\Environment\apache-maven-3.6.3\maven-repo\org\springframework\boot\spring-boot-starter-json\2.4.9\spring-boot-starter-json-2.4.9.jar;E:\Environment\apache-maven-3.6.3\maven-repo\com\fasterxml\jackson\core\jackson-databind\2.11.4\jackson-databind-2.11.4.jar;E:\Environment\apache-maven-3.6.3\maven-repo\com\fasterxml\jackson\core\jackson-annotations\2.11.4\jackson-annotations-2.11.4.jar;E:\Environment\apache-maven-3.6.3\maven-repo\com\fasterxml\jackson\core\jackson-core\2.11.4\jackson-core-2.11.4.jar;E:\Environment\apache-maven-3.6.3\maven-repo\com\fasterxml\jackson\datatype\jackson-datatype-jdk8\2.11.4\jackson-datatype-jdk8-2.11.4.jar;E:\Environment\apache-maven-3.6.3\maven-repo\com\fasterxml\jackson\datatype\jackson-datatype-jsr310\2.11.4\jackson-datatype-jsr310-2.11.4.jar;E:\Environment\apache-maven-3.6.3\maven-repo\com\fasterxml\jackson\module\jackson-module-parameter-names\2.11.4\jackson-module-parameter-names-2.11.4.jar;E:\Environment\apache-maven-3.6.3\maven-repo\org\springframework\boot\spring-boot-starter-tomcat\2.4.9\spring-boot-starter-tomcat-2.4.9.jar;E:\Environment\apache-maven-3.6.3\maven-repo\org\apache\tomcat\embed\tomcat-embed-core\9.0.50\tomcat-embed-core-9.0.50.jar;E:\Environment\apache-maven-3.6.3\maven-repo\org\glassfish\jakarta.el\3.0.3\jakarta.el-3.0.3.jar;E:\Environment\apache-maven-3.6.3\maven-repo\org\apache\tomcat\embed\tomcat-embed-websocket\9.0.50\tomcat-embed-websocket-9.0.50.jar;E:\Environment\apache-maven-3.6.3\maven-repo\org\springframework\spring-web\5.3.9\spring-web-5.3.9.jar;E:\Environment\apache-maven-3.6.3\maven-repo\org\springframework\spring-webmvc\5.3.9\spring-webmvc-5.3.9.jar;E:\Environment\apache-maven-3.6.3\maven-repo\org\springframework\spring-context\5.3.9\spring-context-5.3.9.jar;E:\Environment\apache-maven-3.6.3\maven-repo\org\springframework\spring-expression\5.3.9\spring-expression-5.3.9.jar;E:\Environment\apache-maven-3.6.3\maven-repo\org\mybatis\spring\boot\mybatis-spring-boot-starter\2.1.4\mybatis-spring-boot-starter-2.1.4.jar;E:\Environment\apache-maven-3.6.3\maven-repo\org\mybatis\spring\boot\mybatis-spring-boot-autoconfigure\2.1.4\mybatis-spring-boot-autoconfigure-2.1.4.jar;E:\Environment\apache-maven-3.6.3\maven-repo\org\mybatis\mybatis\3.5.6\mybatis-3.5.6.jar;E:\Environment\apache-maven-3.6.3\maven-repo\org\mybatis\mybatis-spring\2.0.6\mybatis-spring-2.0.6.jar;E:\Environment\apache-maven-3.6.3\maven-repo\mysql\mysql-connector-java\8.0.26\mysql-connector-java-8.0.26.jar;E:\Environment\apache-maven-3.6.3\maven-repo\org\springframework\boot\spring-boot-configuration-processor\2.4.9\spring-boot-configuration-processor-2.4.9.jar;E:\Environment\apache-maven-3.6.3\maven-repo\org\springframework\boot\spring-boot-starter-test\2.4.9\spring-boot-starter-test-2.4.9.jar;E:\Environment\apache-maven-3.6.3\maven-repo\org\springframework\boot\spring-boot-test\2.4.9\spring-boot-test-2.4.9.jar;E:\Environment\apache-maven-3.6.3\maven-repo\org\springframework\boot\spring-boot-test-autoconfigure\2.4.9\spring-boot-test-autoconfigure-2.4.9.jar;E:\Environment\apache-maven-3.6.3\maven-repo\com\jayway\jsonpath\json-path\2.4.0\json-path-2.4.0.jar;E:\Environment\apache-maven-3.6.3\maven-repo\net\minidev\json-smart\2.3.1\json-smart-2.3.1.jar;E:\Environment\apache-maven-3.6.3\maven-repo\net\minidev\accessors-smart\2.3.1\accessors-smart-2.3.1.jar;E:\Environment\apache-maven-3.6.3\maven-repo\org\ow2\asm\asm\5.0.4\asm-5.0.4.jar;E:\Environment\apache-maven-3.6.3\maven-repo\jakarta\xml\bind\jakarta.xml.bind-api\2.3.3\jakarta.xml.bind-api-2.3.3.jar;E:\Environment\apache-maven-3.6.3\maven-repo\jakarta\activation\jakarta.activation-api\1.2.2\jakarta.activation-api-1.2.2.jar;E:\Environment\apache-maven-3.6.3\maven-repo\org\assertj\assertj-core\3.18.1\assertj-core-3.18.1.jar;E:\Environment\apache-maven-3.6.3\maven-repo\org\hamcrest\hamcrest\2.2\hamcrest-2.2.jar;E:\Environment\apache-maven-3.6.3\maven-repo\org\junit\jupiter\junit-jupiter\5.7.2\junit-jupiter-5.7.2.jar;E:\Environment\apache-maven-3.6.3\maven-repo\org\junit\jupiter\junit-jupiter-api\5.7.2\junit-jupiter-api-5.7.2.jar;E:\Environment\apache-maven-3.6.3\maven-repo\org\apiguardian\apiguardian-api\1.1.0\apiguardian-api-1.1.0.jar;E:\Environment\apache-maven-3.6.3\maven-repo\org\opentest4j\opentest4j\1.2.0\opentest4j-1.2.0.jar;E:\Environment\apache-maven-3.6.3\maven-repo\org\junit\platform\junit-platform-commons\1.7.2\junit-platform-commons-1.7.2.jar;E:\Environment\apache-maven-3.6.3\maven-repo\org\junit\jupiter\junit-jupiter-params\5.7.2\junit-jupiter-params-5.7.2.jar;E:\Environment\apache-maven-3.6.3\maven-repo\org\junit\jupiter\junit-jupiter-engine\5.7.2\junit-jupiter-engine-5.7.2.jar;E:\Environment\apache-maven-3.6.3\maven-repo\org\junit\platform\junit-platform-engine\1.7.2\junit-platform-engine-1.7.2.jar;E:\Environment\apache-maven-3.6.3\maven-repo\org\mockito\mockito-core\3.6.28\mockito-core-3.6.28.jar;E:\Environment\apache-maven-3.6.3\maven-repo\net\bytebuddy\byte-buddy\1.10.22\byte-buddy-1.10.22.jar;E:\Environment\apache-maven-3.6.3\maven-repo\net\bytebuddy\byte-buddy-agent\1.10.22\byte-buddy-agent-1.10.22.jar;E:\Environment\apache-maven-3.6.3\maven-repo\org\objenesis\objenesis\3.1\objenesis-3.1.jar;E:\Environment\apache-maven-3.6.3\maven-repo\org\mockito\mockito-junit-jupiter\3.6.28\mockito-junit-jupiter-3.6.28.jar;E:\Environment\apache-maven-3.6.3\maven-repo\org\skyscreamer\jsonassert\1.5.0\jsonassert-1.5.0.jar;E:\Environment\apache-maven-3.6.3\maven-repo\com\vaadin\external\google\android-json\0.0.20131108.vaadin1\android-json-0.0.20131108.vaadin1.jar;E:\Environment\apache-maven-3.6.3\maven-repo\org\springframework\spring-core\5.3.9\spring-core-5.3.9.jar;E:\Environment\apache-maven-3.6.3\maven-repo\org\springframework\spring-jcl\5.3.9\spring-jcl-5.3.9.jar;E:\Environment\apache-maven-3.6.3\maven-repo\org\springframework\spring-test\5.3.9\spring-test-5.3.9.jar;E:\Environment\apache-maven-3.6.3\maven-repo\org\xmlunit\xmlunit-core\2.7.0\xmlunit-core-2.7.0.jar;E:\Environment\apache-maven-3.6.3\maven-repo\com\alibaba\fastjson\1.2.58\fastjson-1.2.58.jar;E:\Environment\apache-maven-3.6.3\maven-repo\org\springframework\boot\spring-boot-starter-data-redis\2.4.9\spring-boot-starter-data-redis-2.4.9.jar;E:\Environment\apache-maven-3.6.3\maven-repo\org\springframework\data\spring-data-redis\2.4.11\spring-data-redis-2.4.11.jar;E:\Environment\apache-maven-3.6.3\maven-repo\org\springframework\data\spring-data-keyvalue\2.4.11\spring-data-keyvalue-2.4.11.jar;E:\Environment\apache-maven-3.6.3\maven-repo\org\springframework\data\spring-data-commons\2.4.11\spring-data-commons-2.4.11.jar;E:\Environment\apache-maven-3.6.3\maven-repo\org\springframework\spring-oxm\5.3.9\spring-oxm-5.3.9.jar;E:\Environment\apache-maven-3.6.3\maven-repo\org\springframework\spring-context-support\5.3.9\spring-context-support-5.3.9.jar;E:\Environment\apache-maven-3.6.3\maven-repo\io\lettuce\lettuce-core\6.0.7.RELEASE\lettuce-core-6.0.7.RELEASE.jar;E:\Environment\apache-maven-3.6.3\maven-repo\io\netty\netty-common\4.1.66.Final\netty-common-4.1.66.Final.jar;E:\Environment\apache-maven-3.6.3\maven-repo\io\netty\netty-handler\4.1.66.Final\netty-handler-4.1.66.Final.jar;E:\Environment\apache-maven-3.6.3\maven-repo\io\netty\netty-resolver\4.1.66.Final\netty-resolver-4.1.66.Final.jar;E:\Environment\apache-maven-3.6.3\maven-repo\io\netty\netty-buffer\4.1.66.Final\netty-buffer-4.1.66.Final.jar;E:\Environment\apache-maven-3.6.3\maven-repo\io\netty\netty-codec\4.1.66.Final\netty-codec-4.1.66.Final.jar;E:\Environment\apache-maven-3.6.3\maven-repo\io\netty\netty-transport\4.1.66.Final\netty-transport-4.1.66.Final.jar;E:\Environment\apache-maven-3.6.3\maven-repo\io\projectreactor\reactor-core\3.4.8\reactor-core-3.4.8.jar;E:\Environment\apache-maven-3.6.3\maven-repo\org\reactivestreams\reactive-streams\1.0.3\reactive-streams-1.0.3.jar;E:\Environment\apache-maven-3.6.3\maven-repo\org\springframework\boot\spring-boot-starter-aop\2.4.9\spring-boot-starter-aop-2.4.9.jar;E:\Environment\apache-maven-3.6.3\maven-repo\org\springframework\spring-aop\5.3.9\spring-aop-5.3.9.jar;E:\Environment\apache-maven-3.6.3\maven-repo\org\aspectj\aspectjweaver\1.9.7\aspectjweaver-1.9.7.jar;"/>
    <property name="java.vm.vendor" value="Oracle Corporation"/>
    <property name="sun.arch.data.model" value="64"/>
    <property name="user.variant" value=""/>
    <property name="java.vendor.url" value="https://java.oracle.com/"/>
    <property name="user.timezone" value="Asia/Shanghai"/>
    <property name="os.name" value="Windows 10"/>
    <property name="java.vm.specification.version" value="14"/>
    <property name="sun.java.launcher" value="SUN_STANDARD"/>
    <property name="user.country" value="CN"/>
    <property name="sun.boot.library.path" value="E:\Environment\jdk-14.0.1\bin"/>
    <property name="sun.java.command" value="C:\Users\ADMINI~1\AppData\Local\Temp\surefire10348611024618553463\surefirebooter34715808196919328.jar C:\Users\Administrator\AppData\Local\Temp\surefire10348611024618553463 2021-08-15T09-59-11_987-jvmRun1 surefire14837581931375303379tmp surefire_014219738054136769921tmp"/>
    <property name="jdk.debug" value="release"/>
    <property name="surefire.test.class.path" value="E:\idea-workspace\webchatting\target\test-classes;E:\idea-workspace\webchatting\target\classes;E:\Environment\apache-maven-3.6.3\maven-repo\org\springframework\boot\spring-boot-starter-jdbc\2.4.9\spring-boot-starter-jdbc-2.4.9.jar;E:\Environment\apache-maven-3.6.3\maven-repo\org\springframework\boot\spring-boot-starter\2.4.9\spring-boot-starter-2.4.9.jar;E:\Environment\apache-maven-3.6.3\maven-repo\org\springframework\boot\spring-boot\2.4.9\spring-boot-2.4.9.jar;E:\Environment\apache-maven-3.6.3\maven-repo\org\springframework\boot\spring-boot-autoconfigure\2.4.9\spring-boot-autoconfigure-2.4.9.jar;E:\Environment\apache-maven-3.6.3\maven-repo\org\springframework\boot\spring-boot-starter-logging\2.4.9\spring-boot-starter-logging-2.4.9.jar;E:\Environment\apache-maven-3.6.3\maven-repo\ch\qos\logback\logback-classic\1.2.4\logback-classic-1.2.4.jar;E:\Environment\apache-maven-3.6.3\maven-repo\ch\qos\logback\logback-core\1.2.4\logback-core-1.2.4.jar;E:\Environment\apache-maven-3.6.3\maven-repo\org\apache\logging\log4j\log4j-to-slf4j\2.13.3\log4j-to-slf4j-2.13.3.jar;E:\Environment\apache-maven-3.6.3\maven-repo\org\apache\logging\log4j\log4j-api\2.13.3\log4j-api-2.13.3.jar;E:\Environment\apache-maven-3.6.3\maven-repo\org\slf4j\jul-to-slf4j\1.7.32\jul-to-slf4j-1.7.32.jar;E:\Environment\apache-maven-3.6.3\maven-repo\jakarta\annotation\jakarta.annotation-api\1.3.5\jakarta.annotation-api-1.3.5.jar;E:\Environment\apache-maven-3.6.3\maven-repo\org\yaml\snakeyaml\1.27\snakeyaml-1.27.jar;E:\Environment\apache-maven-3.6.3\maven-repo\com\zaxxer\HikariCP\3.4.5\HikariCP-3.4.5.jar;E:\Environment\apache-maven-3.6.3\maven-repo\org\slf4j\slf4j-api\1.7.32\slf4j-api-1.7.32.jar;E:\Environment\apache-maven-3.6.3\maven-repo\org\springframework\spring-jdbc\5.3.9\spring-jdbc-5.3.9.jar;E:\Environment\apache-maven-3.6.3\maven-repo\org\springframework\spring-beans\5.3.9\spring-beans-5.3.9.jar;E:\Environment\apache-maven-3.6.3\maven-repo\org\springframework\spring-tx\5.3.9\spring-tx-5.3.9.jar;E:\Environment\apache-maven-3.6.3\maven-repo\org\springframework\boot\spring-boot-starter-thymeleaf\2.4.9\spring-boot-starter-thymeleaf-2.4.9.jar;E:\Environment\apache-maven-3.6.3\maven-repo\org\thymeleaf\thymeleaf-spring5\3.0.12.RELEASE\thymeleaf-spring5-3.0.12.RELEASE.jar;E:\Environment\apache-maven-3.6.3\maven-repo\org\thymeleaf\thymeleaf\3.0.12.RELEASE\thymeleaf-3.0.12.RELEASE.jar;E:\Environment\apache-maven-3.6.3\maven-repo\org\attoparser\attoparser\2.0.5.RELEASE\attoparser-2.0.5.RELEASE.jar;E:\Environment\apache-maven-3.6.3\maven-repo\org\unbescape\unbescape\1.1.6.RELEASE\unbescape-1.1.6.RELEASE.jar;E:\Environment\apache-maven-3.6.3\maven-repo\org\thymeleaf\extras\thymeleaf-extras-java8time\3.0.4.RELEASE\thymeleaf-extras-java8time-3.0.4.RELEASE.jar;E:\Environment\apache-maven-3.6.3\maven-repo\org\springframework\boot\spring-boot-starter-web\2.4.9\spring-boot-starter-web-2.4.9.jar;E:\Environment\apache-maven-3.6.3\maven-repo\org\springframework\boot\spring-boot-starter-json\2.4.9\spring-boot-starter-json-2.4.9.jar;E:\Environment\apache-maven-3.6.3\maven-repo\com\fasterxml\jackson\core\jackson-databind\2.11.4\jackson-databind-2.11.4.jar;E:\Environment\apache-maven-3.6.3\maven-repo\com\fasterxml\jackson\core\jackson-annotations\2.11.4\jackson-annotations-2.11.4.jar;E:\Environment\apache-maven-3.6.3\maven-repo\com\fasterxml\jackson\core\jackson-core\2.11.4\jackson-core-2.11.4.jar;E:\Environment\apache-maven-3.6.3\maven-repo\com\fasterxml\jackson\datatype\jackson-datatype-jdk8\2.11.4\jackson-datatype-jdk8-2.11.4.jar;E:\Environment\apache-maven-3.6.3\maven-repo\com\fasterxml\jackson\datatype\jackson-datatype-jsr310\2.11.4\jackson-datatype-jsr310-2.11.4.jar;E:\Environment\apache-maven-3.6.3\maven-repo\com\fasterxml\jackson\module\jackson-module-parameter-names\2.11.4\jackson-module-parameter-names-2.11.4.jar;E:\Environment\apache-maven-3.6.3\maven-repo\org\springframework\boot\spring-boot-starter-tomcat\2.4.9\spring-boot-starter-tomcat-2.4.9.jar;E:\Environment\apache-maven-3.6.3\maven-repo\org\apache\tomcat\embed\tomcat-embed-core\9.0.50\tomcat-embed-core-9.0.50.jar;E:\Environment\apache-maven-3.6.3\maven-repo\org\glassfish\jakarta.el\3.0.3\jakarta.el-3.0.3.jar;E:\Environment\apache-maven-3.6.3\maven-repo\org\apache\tomcat\embed\tomcat-embed-websocket\9.0.50\tomcat-embed-websocket-9.0.50.jar;E:\Environment\apache-maven-3.6.3\maven-repo\org\springframework\spring-web\5.3.9\spring-web-5.3.9.jar;E:\Environment\apache-maven-3.6.3\maven-repo\org\springframework\spring-webmvc\5.3.9\spring-webmvc-5.3.9.jar;E:\Environment\apache-maven-3.6.3\maven-repo\org\springframework\spring-context\5.3.9\spring-context-5.3.9.jar;E:\Environment\apache-maven-3.6.3\maven-repo\org\springframework\spring-expression\5.3.9\spring-expression-5.3.9.jar;E:\Environment\apache-maven-3.6.3\maven-repo\org\mybatis\spring\boot\mybatis-spring-boot-starter\2.1.4\mybatis-spring-boot-starter-2.1.4.jar;E:\Environment\apache-maven-3.6.3\maven-repo\org\mybatis\spring\boot\mybatis-spring-boot-autoconfigure\2.1.4\mybatis-spring-boot-autoconfigure-2.1.4.jar;E:\Environment\apache-maven-3.6.3\maven-repo\org\mybatis\mybatis\3.5.6\mybatis-3.5.6.jar;E:\Environment\apache-maven-3.6.3\maven-repo\org\mybatis\mybatis-spring\2.0.6\mybatis-spring-2.0.6.jar;E:\Environment\apache-maven-3.6.3\maven-repo\mysql\mysql-connector-java\8.0.26\mysql-connector-java-8.0.26.jar;E:\Environment\apache-maven-3.6.3\maven-repo\org\springframework\boot\spring-boot-configuration-processor\2.4.9\spring-boot-configuration-processor-2.4.9.jar;E:\Environment\apache-maven-3.6.3\maven-repo\org\springframework\boot\spring-boot-starter-test\2.4.9\spring-boot-starter-test-2.4.9.jar;E:\Environment\apache-maven-3.6.3\maven-repo\org\springframework\boot\spring-boot-test\2.4.9\spring-boot-test-2.4.9.jar;E:\Environment\apache-maven-3.6.3\maven-repo\org\springframework\boot\spring-boot-test-autoconfigure\2.4.9\spring-boot-test-autoconfigure-2.4.9.jar;E:\Environment\apache-maven-3.6.3\maven-repo\com\jayway\jsonpath\json-path\2.4.0\json-path-2.4.0.jar;E:\Environment\apache-maven-3.6.3\maven-repo\net\minidev\json-smart\2.3.1\json-smart-2.3.1.jar;E:\Environment\apache-maven-3.6.3\maven-repo\net\minidev\accessors-smart\2.3.1\accessors-smart-2.3.1.jar;E:\Environment\apache-maven-3.6.3\maven-repo\org\ow2\asm\asm\5.0.4\asm-5.0.4.jar;E:\Environment\apache-maven-3.6.3\maven-repo\jakarta\xml\bind\jakarta.xml.bind-api\2.3.3\jakarta.xml.bind-api-2.3.3.jar;E:\Environment\apache-maven-3.6.3\maven-repo\jakarta\activation\jakarta.activation-api\1.2.2\jakarta.activation-api-1.2.2.jar;E:\Environment\apache-maven-3.6.3\maven-repo\org\assertj\assertj-core\3.18.1\assertj-core-3.18.1.jar;E:\Environment\apache-maven-3.6.3\maven-repo\org\hamcrest\hamcrest\2.2\hamcrest-2.2.jar;E:\Environment\apache-maven-3.6.3\maven-repo\org\junit\jupiter\junit-jupiter\5.7.2\junit-jupiter-5.7.2.jar;E:\Environment\apache-maven-3.6.3\maven-repo\org\junit\jupiter\junit-jupiter-api\5.7.2\junit-jupiter-api-5.7.2.jar;E:\Environment\apache-maven-3.6.3\maven-repo\org\apiguardian\apiguardian-api\1.1.0\apiguardian-api-1.1.0.jar;E:\Environment\apache-maven-3.6.3\maven-repo\org\opentest4j\opentest4j\1.2.0\opentest4j-1.2.0.jar;E:\Environment\apache-maven-3.6.3\maven-repo\org\junit\platform\junit-platform-commons\1.7.2\junit-platform-commons-1.7.2.jar;E:\Environment\apache-maven-3.6.3\maven-repo\org\junit\jupiter\junit-jupiter-params\5.7.2\junit-jupiter-params-5.7.2.jar;E:\Environment\apache-maven-3.6.3\maven-repo\org\junit\jupiter\junit-jupiter-engine\5.7.2\junit-jupiter-engine-5.7.2.jar;E:\Environment\apache-maven-3.6.3\maven-repo\org\junit\platform\junit-platform-engine\1.7.2\junit-platform-engine-1.7.2.jar;E:\Environment\apache-maven-3.6.3\maven-repo\org\mockito\mockito-core\3.6.28\mockito-core-3.6.28.jar;E:\Environment\apache-maven-3.6.3\maven-repo\net\bytebuddy\byte-buddy\1.10.22\byte-buddy-1.10.22.jar;E:\Environment\apache-maven-3.6.3\maven-repo\net\bytebuddy\byte-buddy-agent\1.10.22\byte-buddy-agent-1.10.22.jar;E:\Environment\apache-maven-3.6.3\maven-repo\org\objenesis\objenesis\3.1\objenesis-3.1.jar;E:\Environment\apache-maven-3.6.3\maven-repo\org\mockito\mockito-junit-jupiter\3.6.28\mockito-junit-jupiter-3.6.28.jar;E:\Environment\apache-maven-3.6.3\maven-repo\org\skyscreamer\jsonassert\1.5.0\jsonassert-1.5.0.jar;E:\Environment\apache-maven-3.6.3\maven-repo\com\vaadin\external\google\android-json\0.0.20131108.vaadin1\android-json-0.0.20131108.vaadin1.jar;E:\Environment\apache-maven-3.6.3\maven-repo\org\springframework\spring-core\5.3.9\spring-core-5.3.9.jar;E:\Environment\apache-maven-3.6.3\maven-repo\org\springframework\spring-jcl\5.3.9\spring-jcl-5.3.9.jar;E:\Environment\apache-maven-3.6.3\maven-repo\org\springframework\spring-test\5.3.9\spring-test-5.3.9.jar;E:\Environment\apache-maven-3.6.3\maven-repo\org\xmlunit\xmlunit-core\2.7.0\xmlunit-core-2.7.0.jar;E:\Environment\apache-maven-3.6.3\maven-repo\com\alibaba\fastjson\1.2.58\fastjson-1.2.58.jar;E:\Environment\apache-maven-3.6.3\maven-repo\org\springframework\boot\spring-boot-starter-data-redis\2.4.9\spring-boot-starter-data-redis-2.4.9.jar;E:\Environment\apache-maven-3.6.3\maven-repo\org\springframework\data\spring-data-redis\2.4.11\spring-data-redis-2.4.11.jar;E:\Environment\apache-maven-3.6.3\maven-repo\org\springframework\data\spring-data-keyvalue\2.4.11\spring-data-keyvalue-2.4.11.jar;E:\Environment\apache-maven-3.6.3\maven-repo\org\springframework\data\spring-data-commons\2.4.11\spring-data-commons-2.4.11.jar;E:\Environment\apache-maven-3.6.3\maven-repo\org\springframework\spring-oxm\5.3.9\spring-oxm-5.3.9.jar;E:\Environment\apache-maven-3.6.3\maven-repo\org\springframework\spring-context-support\5.3.9\spring-context-support-5.3.9.jar;E:\Environment\apache-maven-3.6.3\maven-repo\io\lettuce\lettuce-core\6.0.7.RELEASE\lettuce-core-6.0.7.RELEASE.jar;E:\Environment\apache-maven-3.6.3\maven-repo\io\netty\netty-common\4.1.66.Final\netty-common-4.1.66.Final.jar;E:\Environment\apache-maven-3.6.3\maven-repo\io\netty\netty-handler\4.1.66.Final\netty-handler-4.1.66.Final.jar;E:\Environment\apache-maven-3.6.3\maven-repo\io\netty\netty-resolver\4.1.66.Final\netty-resolver-4.1.66.Final.jar;E:\Environment\apache-maven-3.6.3\maven-repo\io\netty\netty-buffer\4.1.66.Final\netty-buffer-4.1.66.Final.jar;E:\Environment\apache-maven-3.6.3\maven-repo\io\netty\netty-codec\4.1.66.Final\netty-codec-4.1.66.Final.jar;E:\Environment\apache-maven-3.6.3\maven-repo\io\netty\netty-transport\4.1.66.Final\netty-transport-4.1.66.Final.jar;E:\Environment\apache-maven-3.6.3\maven-repo\io\projectreactor\reactor-core\3.4.8\reactor-core-3.4.8.jar;E:\Environment\apache-maven-3.6.3\maven-repo\org\reactivestreams\reactive-streams\1.0.3\reactive-streams-1.0.3.jar;E:\Environment\apache-maven-3.6.3\maven-repo\org\springframework\boot\spring-boot-starter-aop\2.4.9\spring-boot-starter-aop-2.4.9.jar;E:\Environment\apache-maven-3.6.3\maven-repo\org\springframework\spring-aop\5.3.9\spring-aop-5.3.9.jar;E:\Environment\apache-maven-3.6.3\maven-repo\org\aspectj\aspectjweaver\1.9.7\aspectjweaver-1.9.7.jar;"/>
    <property name="sun.cpu.endian" value="little"/>
    <property name="user.home" value="C:\Users\Administrator"/>
    <property name="user.language" value="zh"/>
    <property name="java.specification.vendor" value="Oracle Corporation"/>
    <property name="java.version.date" value="2020-04-14"/>
    <property name="java.home" value="E:\Environment\jdk-14.0.1"/>
    <property name="file.separator" value="\"/>
    <property name="basedir" value="E:\idea-workspace\webchatting"/>
    <property name="java.vm.compressedOopsMode" value="32-bit"/>
    <property name="line.separator" value="&#10;"/>
    <property name="java.vm.specification.vendor" value="Oracle Corporation"/>
    <property name="java.specification.name" value="Java Platform API Specification"/>
    <property name="surefire.real.class.path" value="C:\Users\ADMINI~1\AppData\Local\Temp\surefire10348611024618553463\surefirebooter34715808196919328.jar"/>
    <property name="idea.version2020.1.4" value="true"/>
    <property name="user.script" value=""/>
    <property name="sun.management.compiler" value="HotSpot 64-Bit Tiered Compilers"/>
    <property name="java.runtime.version" value="14.0.1+7"/>
    <property name="user.name" value="Administrator"/>
    <property name="path.separator" value=";"/>
    <property name="os.version" value="10.0"/>
    <property name="java.runtime.name" value="Java(TM) SE Runtime Environment"/>
    <property name="file.encoding" value="GBK"/>
    <property name="java.vm.name" value="Java HotSpot(TM) 64-Bit Server VM"/>
    <property name="localRepository" value="E:\Environment\apache-maven-3.6.3\maven-repo"/>
    <property name="java.vendor.url.bug" value="https://bugreport.java.com/bugreport/"/>
    <property name="java.io.tmpdir" value="C:\Users\ADMINI~1\AppData\Local\Temp\"/>
    <property name="java.version" value="14.0.1"/>
    <property name="user.dir" value="E:\idea-workspace\webchatting"/>
    <property name="os.arch" value="amd64"/>
    <property name="java.vm.specification.name" value="Java Virtual Machine Specification"/>
    <property name="sun.os.patch.level" value=""/>
    <property name="java.library.path" value="E:\Environment\jdk-14.0.1\bin;C:\Windows\Sun\Java\bin;C:\Windows\system32;C:\Windows;E:\VM\VMware\bin\;C:\Windows\system32;C:\Windows;C:\Windows\System32\Wbem;C:\Windows\System32\WindowsPowerShell\v1.0\;C:\Windows\System32\OpenSSH\;E:\Environment\jdk-14.0.1\bin;E:\Environment\mysql-8.0.20\bin;E:\Environment\apache-maven-3.6.3\bin;D:\SVN\bin;E:\Environment\git\Git\bin;C:\Users\Administrator\AppData\Local\Microsoft\WindowsApps;E:\Environment\jdk-14.0.1\bin;E:\idea\IntelliJ IDEA 2020.1.4\bin;;D:\AndroidSDK\platform-tools;;."/>
    <property name="java.vm.info" value="mixed mode, sharing"/>
    <property name="java.vendor" value="Oracle Corporation"/>
    <property name="java.vm.version" value="14.0.1+7"/>
    <property name="sun.io.unicode.encoding" value="UnicodeLittle"/>
    <property name="maven.repo.local" value="E:\Environment\apache-maven-3.6.3\maven-repo"/>
    <property name="java.class.version" value="58.0"/>
  </properties>
  <testcase name="contextLoads" classname="com.example.webchatting.WebChattingApplicationTests" time="0.381"/>
</testsuite>